<?xml version="1.0" encoding="UTF-8"?>
<!-- Generated by org.testng.reporters.JUnitReportReporter -->
<testsuite hostname="PRASHANTs-MacBook-Pro.local" failures="0" tests="1" name="in.zipgo.MacDemo1.TestNGConcept" time="0.015" errors="0" timestamp="30 Nov 2018 11:45:40 GMT" skipped="0">
  <testcase classname="in.zipgo.MacDemo1.TestNGConcept" name="testmethod" time="0.015"/>
</testsuite> <!-- in.zipgo.MacDemo1.TestNGConcept -->
