<?xml version="1.0" encoding="UTF-8"?>
<!-- Generated by org.testng.reporters.JUnitReportReporter -->
<testsuite hostname="PRASHANTs-MacBook-Pro.local" failures="0" tests="1" name="Java_daypicker.WeakOday" time="0.113" errors="0" timestamp="22 Jan 2019 15:09:48 GMT" skipped="0">
  <testcase classname="Java_daypicker.WeakOday" name="getCurrentDay" time="0.113"/>
</testsuite> <!-- Java_daypicker.WeakOday -->
