<?xml version="1.0" encoding="UTF-8"?>
<!-- Generated by org.testng.reporters.JUnitReportReporter -->
<testsuite hostname="PRASHANTs-MacBook-Pro.local" failures="0" tests="1" name="mobiletesing.StartApp" time="21.391" errors="0" timestamp="07 Dec 2018 09:23:58 GMT" skipped="0">
  <testcase classname="mobiletesing.StartApp" name="android" time="21.391"/>
</testsuite> <!-- mobiletesing.StartApp -->
